# JRE version: Java(TM) SE Runtime Environment (8.0_20-b26) (build 1.8.0_20-b26)
# Java VM: Java HotSpot(TM) Client VM (25.20-b23 mixed mode windows-x86 )
Heap:
 def new generation   total 4928K, used 1473K [0x04200000, 0x04750000, 0x09750000)
  eden space 4416K,  33% used [0x04200000, 0x0436f430, 0x04650000)
  from space 512K,   0% used [0x04650000, 0x046510b8, 0x046d0000)
  to   space 512K,   0% used [0x046d0000, 0x046d0000, 0x04750000)
 tenured generation   total 10944K, used 5746K [0x09750000, 0x0a200000, 0x14200000)
   the space 10944K,  52% used [0x09750000, 0x09cec8c8, 0x09ceca00, 0x0a200000)
 Metaspace       used 5481K, capacity 5619K, committed 5760K, reserved 6528K
GC Heap History (10 events):
Event: 44.787 GC heap before
{Heap before GC invocations=189 (full 0):
 def new generation   total 4928K, used 4427K [0x04200000, 0x04750000, 0x09750000)
  eden space 4416K, 100% used [0x04200000, 0x04650000, 0x04650000)
  from space 512K,   2% used [0x046d0000, 0x046d2fe8, 0x04750000)
  to   space 512K,   0% used [0x04650000, 0x04650000, 0x046d0000)
 tenured generation   total 10944K, used 5745K [0x09750000, 0x0a200000, 0x14200000)
   the space 10944K,  52% used [0x09750000, 0x09cec508, 0x09cec600, 0x0a200000)
 Metaspace       used 5481K, capacity 5619K, committed 5760K, reserved 6528K
Event: 44.787 GC heap after
Heap after GC invocations=190 (full 0):
 def new generation   total 4928K, used 3K [0x04200000, 0x04750000, 0x09750000)
  eden space 4416K,   0% used [0x04200000, 0x04200000, 0x04650000)
  from space 512K,   0% used [0x04650000, 0x04650fd8, 0x046d0000)
  to   space 512K,   0% used [0x046d0000, 0x046d0000, 0x04750000)
 tenured generation   total 10944K, used 5745K [0x09750000, 0x0a200000, 0x14200000)
   the space 10944K,  52% used [0x09750000, 0x09cec5c8, 0x09cec600, 0x0a200000)
 Metaspace       used 5481K, capacity 5619K, committed 5760K, reserved 6528K
}
Event: 44.897 GC heap before
{Heap before GC invocations=190 (full 0):
 def new generation   total 4928K, used 4419K [0x04200000, 0x04750000, 0x09750000)
  eden space 4416K, 100% used [0x04200000, 0x04650000, 0x04650000)
  from space 512K,   0% used [0x04650000, 0x04650fd8, 0x046d0000)
  to   space 512K,   0% used [0x046d0000, 0x046d0000, 0x04750000)
 tenured generation   total 10944K, used 5745K [0x09750000, 0x0a200000, 0x14200000)
   the space 10944K,  52% used [0x09750000, 0x09cec5c8, 0x09cec600, 0x0a200000)
 Metaspace       used 5481K, capacity 5619K, committed 5760K, reserved 6528K
Event: 44.898 GC heap after
Heap after GC invocations=191 (full 0):
 def new generation   total 4928K, used 4K [0x04200000, 0x04750000, 0x09750000)
  eden space 4416K,   0% used [0x04200000, 0x04200000, 0x04650000)
  from space 512K,   0% used [0x046d0000, 0x046d1098, 0x04750000)
  to   space 512K,   0% used [0x04650000, 0x04650000, 0x046d0000)
 tenured generation   total 10944K, used 5745K [0x09750000, 0x0a200000, 0x14200000)
   the space 10944K,  52% used [0x09750000, 0x09cec688, 0x09cec800, 0x0a200000)
 Metaspace       used 5481K, capacity 5619K, committed 5760K, reserved 6528K
}
Event: 45.015 GC heap before
{Heap before GC invocations=191 (full 0):
 def new generation   total 4928K, used 4420K [0x04200000, 0x04750000, 0x09750000)
  eden space 4416K, 100% used [0x04200000, 0x04650000, 0x04650000)
  from space 512K,   0% used [0x046d0000, 0x046d1098, 0x04750000)
  to   space 512K,   0% used [0x04650000, 0x04650000, 0x046d0000)
 tenured generation   total 10944K, used 5745K [0x09750000, 0x0a200000, 0x14200000)
   the space 10944K,  52% used [0x09750000, 0x09cec688, 0x09cec800, 0x0a200000)
 Metaspace       used 5481K, capacity 5619K, committed 5760K, reserved 6528K
Event: 45.016 GC heap after
Heap after GC invocations=192 (full 0):
 def new generation   total 4928K, used 3K [0x04200000, 0x04750000, 0x09750000)
  eden space 4416K,   0% used [0x04200000, 0x04200000, 0x04650000)
  from space 512K,   0% used [0x04650000, 0x04650f38, 0x046d0000)
  to   space 512K,   0% used [0x046d0000, 0x046d0000, 0x04750000)
 tenured generation   total 10944K, used 5745K [0x09750000, 0x0a200000, 0x14200000)
   the space 10944K,  52% used [0x09750000, 0x09cec748, 0x09cec800, 0x0a200000)
 Metaspace       used 5481K, capacity 5619K, committed 5760K, reserved 6528K
}
Event: 45.122 GC heap before
{Heap before GC invocations=192 (full 0):
 def new generation   total 4928K, used 4419K [0x04200000, 0x04750000, 0x09750000)
  eden space 4416K, 100% used [0x04200000, 0x04650000, 0x04650000)
  from space 512K,   0% used [0x04650000, 0x04650f38, 0x046d0000)
  to   space 512K,   0% used [0x046d0000, 0x046d0000, 0x04750000)
 tenured generation   total 10944K, used 5745K [0x09750000, 0x0a200000, 0x14200000)
   the space 10944K,  52% used [0x09750000, 0x09cec748, 0x09cec800, 0x0a200000)
 Metaspace       used 5481K, capacity 5619K, committed 5760K, reserved 6528K
Event: 45.123 GC heap after
Heap after GC invocations=193 (full 0):
 def new generation   total 4928K, used 3K [0x04200000, 0x04750000, 0x09750000)
  eden space 4416K,   0% used [0x04200000, 0x04200000, 0x04650000)
  from space 512K,   0% used [0x046d0000, 0x046d0e98, 0x04750000)
  to   space 512K,   0% used [0x04650000, 0x04650000, 0x046d0000)
 tenured generation   total 10944K, used 5746K [0x09750000, 0x0a200000, 0x14200000)
   the space 10944K,  52% used [0x09750000, 0x09cec808, 0x09ceca00, 0x0a200000)
 Metaspace       used 5481K, capacity 5619K, committed 5760K, reserved 6528K
}
Event: 45.235 GC heap before
{Heap before GC invocations=193 (full 0):
 def new generation   total 4928K, used 4415K [0x04200000, 0x04750000, 0x09750000)
  eden space 4416K,  99% used [0x04200000, 0x0464ee68, 0x04650000)
  from space 512K,   0% used [0x046d0000, 0x046d0e98, 0x04750000)
  to   space 512K,   0% used [0x04650000, 0x04650000, 0x046d0000)
 tenured generation   total 10944K, used 5746K [0x09750000, 0x0a200000, 0x14200000)
   the space 10944K,  52% used [0x09750000, 0x09cec808, 0x09ceca00, 0x0a200000)
 Metaspace       used 5481K, capacity 5619K, committed 5760K, reserved 6528K
Event: 45.236 GC heap after
Heap after GC invocations=194 (full 0):
 def new generation   total 4928K, used 4K [0x04200000, 0x04750000, 0x09750000)
  eden space 4416K,   0% used [0x04200000, 0x04200000, 0x04650000)
  from space 512K,   0% used [0x04650000, 0x046510b8, 0x046d0000)
  to   space 512K,   0% used [0x046d0000, 0x046d0000, 0x04750000)
 tenured generation   total 10944K, used 5746K [0x09750000, 0x0a200000, 0x14200000)
   the space 10944K,  52% used [0x09750000, 0x09cec8c8, 0x09ceca00, 0x0a200000)
 Metaspace       used 5481K, capacity 5619K, committed 5760K, reserved 6528K
}

