# JRE version: Java(TM) SE Runtime Environment (8.0_20-b26) (build 1.8.0_20-b26)
# Java VM: Java HotSpot(TM) Client VM (25.20-b23 mixed mode windows-x86 )
Heap:
 def new generation   total 4928K, used 4080K [0x04000000, 0x04550000, 0x09550000)
  eden space 4416K,  91% used [0x04000000, 0x043f6df0, 0x04450000)
  from space 512K,   4% used [0x04450000, 0x04455578, 0x044d0000)
  to   space 512K,   0% used [0x044d0000, 0x044d0000, 0x04550000)
 tenured generation   total 10944K, used 6112K [0x09550000, 0x0a000000, 0x14000000)
   the space 10944K,  55% used [0x09550000, 0x09b480d8, 0x09b48200, 0x0a000000)
 Metaspace       used 5532K, capacity 5651K, committed 5760K, reserved 6528K
GC Heap History (10 events):
Event: 294.992 GC heap before
{Heap before GC invocations=871 (full 0):
 def new generation   total 4928K, used 4429K [0x04000000, 0x04550000, 0x09550000)
  eden space 4416K, 100% used [0x04000000, 0x04450000, 0x04450000)
  from space 512K,   2% used [0x044d0000, 0x044d3610, 0x04550000)
  to   space 512K,   0% used [0x04450000, 0x04450000, 0x044d0000)
 tenured generation   total 10944K, used 6110K [0x09550000, 0x0a000000, 0x14000000)
   the space 10944K,  55% used [0x09550000, 0x09b47b80, 0x09b47c00, 0x0a000000)
 Metaspace       used 5532K, capacity 5651K, committed 5760K, reserved 6528K
Event: 294.993 GC heap after
Heap after GC invocations=872 (full 0):
 def new generation   total 4928K, used 21K [0x04000000, 0x04550000, 0x09550000)
  eden space 4416K,   0% used [0x04000000, 0x04000000, 0x04450000)
  from space 512K,   4% used [0x04450000, 0x044554e0, 0x044d0000)
  to   space 512K,   0% used [0x044d0000, 0x044d0000, 0x04550000)
 tenured generation   total 10944K, used 6111K [0x09550000, 0x0a000000, 0x14000000)
   the space 10944K,  55% used [0x09550000, 0x09b47cd0, 0x09b47e00, 0x0a000000)
 Metaspace       used 5532K, capacity 5651K, committed 5760K, reserved 6528K
}
Event: 295.093 GC heap before
{Heap before GC invocations=872 (full 0):
 def new generation   total 4928K, used 4437K [0x04000000, 0x04550000, 0x09550000)
  eden space 4416K, 100% used [0x04000000, 0x04450000, 0x04450000)
  from space 512K,   4% used [0x04450000, 0x044554e0, 0x044d0000)
  to   space 512K,   0% used [0x044d0000, 0x044d0000, 0x04550000)
 tenured generation   total 10944K, used 6111K [0x09550000, 0x0a000000, 0x14000000)
   the space 10944K,  55% used [0x09550000, 0x09b47cd0, 0x09b47e00, 0x0a000000)
 Metaspace       used 5532K, capacity 5651K, committed 5760K, reserved 6528K
Event: 295.093 GC heap after
Heap after GC invocations=873 (full 0):
 def new generation   total 4928K, used 21K [0x04000000, 0x04550000, 0x09550000)
  eden space 4416K,   0% used [0x04000000, 0x04000000, 0x04450000)
  from space 512K,   4% used [0x044d0000, 0x044d5450, 0x04550000)
  to   space 512K,   0% used [0x04450000, 0x04450000, 0x044d0000)
 tenured generation   total 10944K, used 6111K [0x09550000, 0x0a000000, 0x14000000)
   the space 10944K,  55% used [0x09550000, 0x09b47d90, 0x09b47e00, 0x0a000000)
 Metaspace       used 5532K, capacity 5651K, committed 5760K, reserved 6528K
}
Event: 295.185 GC heap before
{Heap before GC invocations=873 (full 0):
 def new generation   total 4928K, used 4423K [0x04000000, 0x04550000, 0x09550000)
  eden space 4416K,  99% used [0x04000000, 0x0444c840, 0x04450000)
  from space 512K,   4% used [0x044d0000, 0x044d5450, 0x04550000)
  to   space 512K,   0% used [0x04450000, 0x04450000, 0x044d0000)
 tenured generation   total 10944K, used 6111K [0x09550000, 0x0a000000, 0x14000000)
   the space 10944K,  55% used [0x09550000, 0x09b47d90, 0x09b47e00, 0x0a000000)
 Metaspace       used 5532K, capacity 5651K, committed 5760K, reserved 6528K
Event: 295.185 GC heap after
Heap after GC invocations=874 (full 0):
 def new generation   total 4928K, used 29K [0x04000000, 0x04550000, 0x09550000)
  eden space 4416K,   0% used [0x04000000, 0x04000000, 0x04450000)
  from space 512K,   5% used [0x04450000, 0x04457588, 0x044d0000)
  to   space 512K,   0% used [0x044d0000, 0x044d0000, 0x04550000)
 tenured generation   total 10944K, used 6111K [0x09550000, 0x0a000000, 0x14000000)
   the space 10944K,  55% used [0x09550000, 0x09b47ee0, 0x09b48000, 0x0a000000)
 Metaspace       used 5532K, capacity 5651K, committed 5760K, reserved 6528K
}
Event: 295.231 GC heap before
{Heap before GC invocations=874 (full 0):
 def new generation   total 4928K, used 4438K [0x04000000, 0x04550000, 0x09550000)
  eden space 4416K,  99% used [0x04000000, 0x0444e3b8, 0x04450000)
  from space 512K,   5% used [0x04450000, 0x04457588, 0x044d0000)
  to   space 512K,   0% used [0x044d0000, 0x044d0000, 0x04550000)
 tenured generation   total 10944K, used 6111K [0x09550000, 0x0a000000, 0x14000000)
   the space 10944K,  55% used [0x09550000, 0x09b47ee0, 0x09b48000, 0x0a000000)
 Metaspace       used 5532K, capacity 5651K, committed 5760K, reserved 6528K
Event: 295.232 GC heap after
Heap after GC invocations=875 (full 0):
 def new generation   total 4928K, used 29K [0x04000000, 0x04550000, 0x09550000)
  eden space 4416K,   0% used [0x04000000, 0x04000000, 0x04450000)
  from space 512K,   5% used [0x044d0000, 0x044d7580, 0x04550000)
  to   space 512K,   0% used [0x04450000, 0x04450000, 0x044d0000)
 tenured generation   total 10944K, used 6111K [0x09550000, 0x0a000000, 0x14000000)
   the space 10944K,  55% used [0x09550000, 0x09b47fa0, 0x09b48000, 0x0a000000)
 Metaspace       used 5532K, capacity 5651K, committed 5760K, reserved 6528K
}
Event: 295.279 GC heap before
{Heap before GC invocations=875 (full 0):
 def new generation   total 4928K, used 4439K [0x04000000, 0x04550000, 0x09550000)
  eden space 4416K,  99% used [0x04000000, 0x0444e710, 0x04450000)
  from space 512K,   5% used [0x044d0000, 0x044d7580, 0x04550000)
  to   space 512K,   0% used [0x04450000, 0x04450000, 0x044d0000)
 tenured generation   total 10944K, used 6111K [0x09550000, 0x0a000000, 0x14000000)
   the space 10944K,  55% used [0x09550000, 0x09b47fa0, 0x09b48000, 0x0a000000)
 Metaspace       used 5532K, capacity 5651K, committed 5760K, reserved 6528K
Event: 295.280 GC heap after
Heap after GC invocations=876 (full 0):
 def new generation   total 4928K, used 21K [0x04000000, 0x04550000, 0x09550000)
  eden space 4416K,   0% used [0x04000000, 0x04000000, 0x04450000)
  from space 512K,   4% used [0x04450000, 0x04455578, 0x044d0000)
  to   space 512K,   0% used [0x044d0000, 0x044d0000, 0x04550000)
 tenured generation   total 10944K, used 6112K [0x09550000, 0x0a000000, 0x14000000)
   the space 10944K,  55% used [0x09550000, 0x09b480d8, 0x09b48200, 0x0a000000)
 Metaspace       used 5532K, capacity 5651K, committed 5760K, reserved 6528K
}

