# JRE version: Java(TM) SE Runtime Environment (8.0_20-b26) (build 1.8.0_20-b26)
# Java VM: Java HotSpot(TM) Client VM (25.20-b23 mixed mode windows-x86 )
Heap:
 def new generation   total 4928K, used 1510K [0x04400000, 0x04950000, 0x09950000)
  eden space 4416K,  33% used [0x04400000, 0x0456daf0, 0x04850000)
  from space 512K,   9% used [0x048d0000, 0x048dbe50, 0x04950000)
  to   space 512K,   0% used [0x04850000, 0x04850000, 0x048d0000)
 tenured generation   total 10944K, used 5610K [0x09950000, 0x0a400000, 0x14400000)
   the space 10944K,  51% used [0x09950000, 0x09eca930, 0x09ecaa00, 0x0a400000)
 Metaspace       used 5473K, capacity 5619K, committed 5760K, reserved 6528K
GC Heap History (6 events):
Event: 7.627 GC heap before
{Heap before GC invocations=0 (full 0):
 def new generation   total 4928K, used 4416K [0x04400000, 0x04950000, 0x09950000)
  eden space 4416K, 100% used [0x04400000, 0x04850000, 0x04850000)
  from space 512K,   0% used [0x04850000, 0x04850000, 0x048d0000)
  to   space 512K,   0% used [0x048d0000, 0x048d0000, 0x04950000)
 tenured generation   total 10944K, used 0K [0x09950000, 0x0a400000, 0x14400000)
   the space 10944K,   0% used [0x09950000, 0x09950000, 0x09950200, 0x0a400000)
 Metaspace       used 5196K, capacity 5299K, committed 5376K, reserved 5504K
Event: 7.643 GC heap after
Heap after GC invocations=1 (full 0):
 def new generation   total 4928K, used 512K [0x04400000, 0x04950000, 0x09950000)
  eden space 4416K,   0% used [0x04400000, 0x04400000, 0x04850000)
  from space 512K, 100% used [0x048d0000, 0x04950000, 0x04950000)
  to   space 512K,   0% used [0x04850000, 0x04850000, 0x048d0000)
 tenured generation   total 10944K, used 1526K [0x09950000, 0x0a400000, 0x14400000)
   the space 10944K,  13% used [0x09950000, 0x09acdb40, 0x09acdc00, 0x0a400000)
 Metaspace       used 5196K, capacity 5299K, committed 5376K, reserved 5504K
}
Event: 8.062 GC heap before
{Heap before GC invocations=1 (full 0):
 def new generation   total 4928K, used 4928K [0x04400000, 0x04950000, 0x09950000)
  eden space 4416K, 100% used [0x04400000, 0x04850000, 0x04850000)
  from space 512K, 100% used [0x048d0000, 0x04950000, 0x04950000)
  to   space 512K,   0% used [0x04850000, 0x04850000, 0x048d0000)
 tenured generation   total 10944K, used 1526K [0x09950000, 0x0a400000, 0x14400000)
   the space 10944K,  13% used [0x09950000, 0x09acdb40, 0x09acdc00, 0x0a400000)
 Metaspace       used 5471K, capacity 5619K, committed 5760K, reserved 6528K
Event: 8.070 GC heap after
Heap after GC invocations=2 (full 0):
 def new generation   total 4928K, used 44K [0x04400000, 0x04950000, 0x09950000)
  eden space 4416K,   0% used [0x04400000, 0x04400000, 0x04850000)
  from space 512K,   8% used [0x04850000, 0x0485b178, 0x048d0000)
  to   space 512K,   0% used [0x048d0000, 0x048d0000, 0x04950000)
 tenured generation   total 10944K, used 5610K [0x09950000, 0x0a400000, 0x14400000)
   the space 10944K,  51% used [0x09950000, 0x09eca930, 0x09ecaa00, 0x0a400000)
 Metaspace       used 5471K, capacity 5619K, committed 5760K, reserved 6528K
}
Event: 9.204 GC heap before
{Heap before GC invocations=2 (full 0):
 def new generation   total 4928K, used 4460K [0x04400000, 0x04950000, 0x09950000)
  eden space 4416K, 100% used [0x04400000, 0x04850000, 0x04850000)
  from space 512K,   8% used [0x04850000, 0x0485b178, 0x048d0000)
  to   space 512K,   0% used [0x048d0000, 0x048d0000, 0x04950000)
 tenured generation   total 10944K, used 5610K [0x09950000, 0x0a400000, 0x14400000)
   the space 10944K,  51% used [0x09950000, 0x09eca930, 0x09ecaa00, 0x0a400000)
 Metaspace       used 5473K, capacity 5619K, committed 5760K, reserved 6528K
Event: 9.206 GC heap after
Heap after GC invocations=3 (full 0):
 def new generation   total 4928K, used 47K [0x04400000, 0x04950000, 0x09950000)
  eden space 4416K,   0% used [0x04400000, 0x04400000, 0x04850000)
  from space 512K,   9% used [0x048d0000, 0x048dbe50, 0x04950000)
  to   space 512K,   0% used [0x04850000, 0x04850000, 0x048d0000)
 tenured generation   total 10944K, used 5610K [0x09950000, 0x0a400000, 0x14400000)
   the space 10944K,  51% used [0x09950000, 0x09eca930, 0x09ecaa00, 0x0a400000)
 Metaspace       used 5473K, capacity 5619K, committed 5760K, reserved 6528K
}

